<?xml version="1.0" encoding="UTF-8"?>
<testng-results skipped="0" failed="0" ignored="0" total="1" passed="1">
  <reporter-output>
  </reporter-output>
  <suite name="Default suite" duration-ms="2442" started-at="2018-12-03T15:46:14Z" finished-at="2018-12-03T15:46:16Z">
    <groups>
    </groups>
    <test name="Default test" duration-ms="2442" started-at="2018-12-03T15:46:14Z" finished-at="2018-12-03T15:46:16Z">
      <class name="myStudy.RestAssuredDemo">
        <test-method status="PASS" signature="restAssuredDeleteDemo()[pri:0, instance:myStudy.RestAssuredDemo@194d431]" name="restAssuredDeleteDemo" duration-ms="2404" started-at="2018-12-03T21:16:14Z" finished-at="2018-12-03T21:16:16Z">
          <reporter-output>
          </reporter-output>
        </test-method> <!-- restAssuredDeleteDemo -->
      </class> <!-- myStudy.RestAssuredDemo -->
    </test> <!-- Default test -->
  </suite> <!-- Default suite -->
</testng-results>
